<?xml version="1.0" encoding="UTF-8"?>
<testsuites name="jest tests" tests="2" failures="0" errors="0" time="0.076">
  <testsuite name="Database Connection" errors="0" failures="0" skipped="0" timestamp="2025-06-06T17:03:39" time="0.058" tests="2">
    <testcase classname="Database Connection should connect successfully with valid credentials" name="Database Connection should connect successfully with valid credentials" time="0.003">
    </testcase>
    <testcase classname="Database Connection should handle connection error" name="Database Connection should handle connection error" time="0.001">
    </testcase>
  </testsuite>
</testsuites>