<?xml version="1.0" encoding="UTF-8"?>
<testsuites name="jest tests" tests="2" failures="0" errors="0" time="0.075">
  <testsuite name="Database Connection" errors="0" failures="0" skipped="0" timestamp="2025-06-06T16:58:59" time="0.057" tests="2">
    <testcase classname="Database Connection should connect successfully with valid credentials" name="Database Connection should connect successfully with valid credentials" time="0.002">
    </testcase>
    <testcase classname="Database Connection should handle connection error" name="Database Connection should handle connection error" time="0.001">
    </testcase>
  </testsuite>
</testsuites>